<?xml version="1.0" encoding="UTF-8"?>
<testng-results ignored="0" total="1" passed="1" failed="0" skipped="0">
  <reporter-output>
  </reporter-output>
  <suite started-at="2024-01-08T17:51:43 IST" name="Default suite" finished-at="2024-01-08T17:51:54 IST" duration-ms="11386">
    <groups>
    </groups>
    <test started-at="2024-01-08T17:51:43 IST" name="Default test" finished-at="2024-01-08T17:51:54 IST" duration-ms="11386">
      <class name="adNabu.SearchAndFilters">
        <test-method is-config="true" signature="setup()[pri:0, instance:adNabu.SearchAndFilters@2dde1bff]" started-at="2024-01-08T17:51:43 IST" name="setup" finished-at="2024-01-08T17:51:51 IST" duration-ms="7887" status="PASS">
          <reporter-output>
          </reporter-output>
        </test-method> <!-- setup -->
        <test-method signature="searchAndFilter()[pri:0, instance:adNabu.SearchAndFilters@2dde1bff]" started-at="2024-01-08T17:51:51 IST" name="searchAndFilter" finished-at="2024-01-08T17:51:54 IST" duration-ms="2675" status="PASS">
          <reporter-output>
          </reporter-output>
        </test-method> <!-- searchAndFilter -->
        <test-method is-config="true" signature="end()[pri:0, instance:adNabu.SearchAndFilters@2dde1bff]" started-at="2024-01-08T17:51:54 IST" name="end" finished-at="2024-01-08T17:51:54 IST" duration-ms="769" status="PASS">
          <reporter-output>
          </reporter-output>
        </test-method> <!-- end -->
      </class> <!-- adNabu.SearchAndFilters -->
    </test> <!-- Default test -->
  </suite> <!-- Default suite -->
</testng-results>
